2019-03-17 06:24:59 [127.0.0.1][-][bahblte2v3v3t3miq269njmuq5][error][yii\base\ErrorException:1] exception 'yii\base\ErrorException' with message 'Call to undefined method backend\assets\AppAsset::addEdit()' in D:\phpStudy\WWW\_website\backend\modules\article\views\manage\add.php:8
Stack trace:
#0 [internal function]: yii\base\ErrorHandler->handleFatalError()
#1 {main}
2019-03-17 06:24:58 [127.0.0.1][-][bahblte2v3v3t3miq269njmuq5][info][application] $_GET = [
    'r' => 'article/manage/add'
]

$_POST = []

$_FILES = []

$_COOKIE = [
    'advanced-backend' => 'bahblte2v3v3t3miq269njmuq5'
    '_csrf-backend' => 'a81a68f664bc1881b0ca9258829bee86052879fbec8d44940f33f9d2d7358196a:2:{i:0;s:13:\"_csrf-backend\";i:1;s:32:\"UPTjUPqaItc3qico7v8Xxjn33oJ9gAO3\";}'
]

$_SESSION = [
    '__flash' => []
    'node_list' => 'a:18:{i:0;a:10:{s:2:\"id\";s:1:\"1\";s:5:\"title\";s:18:\"网站菜单管理\";s:3:\"url\";s:0:\"\";s:4:\"sort\";s:1:\"1\";s:5:\"level\";s:1:\"0\";s:6:\"module\";s:0:\"\";s:4:\"icon\";s:0:\"\";s:3:\"pid\";s:1:\"0\";s:6:\"status\";s:1:\"1\";s:6:\"remark\";s:0:\"\";}i:1;a:10:{s:2:\"id\";s:1:\"8\";s:5:\"title\";s:12:\"用户列表\";s:3:\"url\";s:17:\"/admin/user/index\";s:4:\"sort\";s:1:\"1\";s:5:\"level\";s:1:\"2\";s:6:\"module\";s:5:\"admin\";s:4:\"icon\";s:0:\"\";s:3:\"pid\";s:1:\"6\";s:6:\"status\";s:1:\"1\";s:6:\"remark\";s:26:\"用户管理->用户列表\";}i:2;a:10:{s:2:\"id\";s:1:\"9\";s:5:\"title\";s:12:\"用户详情\";s:3:\"url\";s:18:\"/admin/user/detail\";s:4:\"sort\";s:1:\"1\";s:5:\"level\";s:1:\"3\";s:6:\"module\";s:5:\"admin\";s:4:\"icon\";s:0:\"\";s:3:\"pid\";s:1:\"8\";s:6:\"status\";s:1:\"1\";s:6:\"remark\";s:26:\"用户管理->用户详情\";}i:3;a:10:{s:2:\"id\";s:2:\"10\";s:5:\"title\";s:6:\"新增\";s:3:\"url\";s:15:\"/admin/user/add\";s:4:\"sort\";s:1:\"1\";s:5:\"level\";s:1:\"2\";s:6:\"module\";s:5:\"admin\";s:4:\"icon\";s:0:\"\";s:3:\"pid\";s:1:\"6\";s:6:\"status\";s:1:\"1\";s:6:\"remark\";s:20:\"用户管理->新增\";}i:4;a:10:{s:2:\"id\";s:2:\"11\";s:5:\"title\";s:6:\"编辑\";s:3:\"url\";s:16:\"/admin/user/edit\";s:4:\"sort\";s:1:\"1\";s:5:\"level\";s:1:\"3\";s:6:\"module\";s:5:\"admin\";s:4:\"icon\";s:0:\"\";s:3:\"pid\";s:1:\"8\";s:6:\"status\";s:1:\"1\";s:6:\"remark\";s:20:\"用户管理->编辑\";}i:5;a:10:{s:2:\"id\";s:2:\"13\";s:5:\"title\";s:12:\"分类列表\";s:3:\"url\";s:22:\"/category/manage/index\";s:4:\"sort\";s:1:\"1\";s:5:\"level\";s:1:\"2\";s:6:\"module\";s:8:\"category\";s:4:\"icon\";s:0:\"\";s:3:\"pid\";s:1:\"2\";s:6:\"status\";s:1:\"1\";s:6:\"remark\";s:26:\"分类管理->分类列表\";}i:6;a:10:{s:2:\"id\";s:2:\"14\";s:5:\"title\";s:12:\"编辑分类\";s:3:\"url\";s:21:\"/category/manage/edit\";s:4:\"sort\";s:1:\"1\";s:5:\"level\";s:1:\"3\";s:6:\"module\";s:8:\"category\";s:4:\"icon\";s:0:\"\";s:3:\"pid\";s:2:\"13\";s:6:\"status\";s:1:\"1\";s:6:\"remark\";s:20:\"分类管理->编辑\";}i:7;a:10:{s:2:\"id\";s:2:\"15\";s:5:\"title\";s:9:\"写文章\";s:3:\"url\";s:19:\"/article/manage/add\";s:4:\"sort\";s:1:\"1\";s:5:\"level\";s:1:\"2\";s:6:\"module\";s:7:\"article\";s:4:\"icon\";s:0:\"\";s:3:\"pid\";s:1:\"3\";s:6:\"status\";s:1:\"1\";s:6:\"remark\";s:20:\"文章管理->新增\";}i:8;a:10:{s:2:\"id\";s:2:\"16\";s:5:\"title\";s:12:\"文章列表\";s:3:\"url\";s:21:\"/article/manage/index\";s:4:\"sort\";s:1:\"1\";s:5:\"level\";s:1:\"2\";s:6:\"module\";s:7:\"article\";s:4:\"icon\";s:0:\"\";s:3:\"pid\";s:1:\"3\";s:6:\"status\";s:1:\"1\";s:6:\"remark\";s:20:\"文章管理->列表\";}i:9;a:10:{s:2:\"id\";s:2:\"17\";s:5:\"title\";s:6:\"编辑\";s:3:\"url\";s:20:\"/article/manage/edit\";s:4:\"sort\";s:1:\"1\";s:5:\"level\";s:1:\"3\";s:6:\"module\";s:7:\"article\";s:4:\"icon\";s:0:\"\";s:3:\"pid\";s:2:\"16\";s:6:\"status\";s:1:\"1\";s:6:\"remark\";s:20:\"文章管理->编辑\";}i:10;a:10:{s:2:\"id\";s:2:\"18\";s:5:\"title\";s:6:\"详情\";s:3:\"url\";s:22:\"/article/manage/detail\";s:4:\"sort\";s:1:\"1\";s:5:\"level\";s:1:\"3\";s:6:\"module\";s:7:\"article\";s:4:\"icon\";s:0:\"\";s:3:\"pid\";s:2:\"16\";s:6:\"status\";s:1:\"1\";s:6:\"remark\";s:20:\"文章管理->详情\";}i:11;a:10:{s:2:\"id\";s:2:\"19\";s:5:\"title\";s:18:\"基础信息设置\";s:3:\"url\";s:21:\"/system/setting/index\";s:4:\"sort\";s:1:\"1\";s:5:\"level\";s:1:\"2\";s:6:\"module\";s:6:\"system\";s:4:\"icon\";s:0:\"\";s:3:\"pid\";s:1:\"7\";s:6:\"status\";s:1:\"1\";s:6:\"remark\";s:20:\"网站管理->设置\";}i:12;a:10:{s:2:\"id\";s:1:\"2\";s:5:\"title\";s:12:\"分类管理\";s:3:\"url\";s:0:\"\";s:4:\"sort\";s:1:\"2\";s:5:\"level\";s:1:\"1\";s:6:\"module\";s:8:\"category\";s:4:\"icon\";s:39:\"<i class=\"menu-icon fa fa-desktop\"></i>\";s:3:\"pid\";s:1:\"1\";s:6:\"status\";s:1:\"1\";s:6:\"remark\";s:0:\"\";}i:13;a:10:{s:2:\"id\";s:1:\"3\";s:5:\"title\";s:12:\"文章管理\";s:3:\"url\";s:0:\"\";s:4:\"sort\";s:1:\"3\";s:5:\"level\";s:1:\"1\";s:6:\"module\";s:7:\"article\";s:4:\"icon\";s:39:\"<i class=\"menu-icon fa fa-desktop\"></i>\";s:3:\"pid\";s:1:\"1\";s:6:\"status\";s:1:\"1\";s:6:\"remark\";s:0:\"\";}i:14;a:10:{s:2:\"id\";s:1:\"4\";s:5:\"title\";s:12:\"评论管理\";s:3:\"url\";s:0:\"\";s:4:\"sort\";s:1:\"4\";s:5:\"level\";s:1:\"1\";s:6:\"module\";s:7:\"discuss\";s:4:\"icon\";s:39:\"<i class=\"menu-icon fa fa-desktop\"></i>\";s:3:\"pid\";s:1:\"1\";s:6:\"status\";s:1:\"1\";s:6:\"remark\";s:0:\"\";}i:15;a:10:{s:2:\"id\";s:1:\"6\";s:5:\"title\";s:12:\"用户管理\";s:3:\"url\";s:0:\"\";s:4:\"sort\";s:1:\"5\";s:5:\"level\";s:1:\"1\";s:6:\"module\";s:5:\"admin\";s:4:\"icon\";s:39:\"<i class=\"menu-icon fa fa-desktop\"></i>\";s:3:\"pid\";s:1:\"1\";s:6:\"status\";s:1:\"1\";s:6:\"remark\";s:0:\"\";}i:16;a:10:{s:2:\"id\";s:1:\"7\";s:5:\"title\";s:12:\"网站管理\";s:3:\"url\";s:0:\"\";s:4:\"sort\";s:1:\"6\";s:5:\"level\";s:1:\"1\";s:6:\"module\";s:6:\"system\";s:4:\"icon\";s:39:\"<i class=\"menu-icon fa fa-desktop\"></i>\";s:3:\"pid\";s:1:\"1\";s:6:\"status\";s:1:\"1\";s:6:\"remark\";s:0:\"\";}i:17;a:10:{s:2:\"id\";s:1:\"5\";s:5:\"title\";s:12:\"友情链接\";s:3:\"url\";s:0:\"\";s:4:\"sort\";s:1:\"7\";s:5:\"level\";s:1:\"1\";s:6:\"module\";s:4:\"link\";s:4:\"icon\";s:39:\"<i class=\"menu-icon fa fa-desktop\"></i>\";s:3:\"pid\";s:1:\"1\";s:6:\"status\";s:1:\"1\";s:6:\"remark\";s:0:\"\";}}'
    'uid' => '1'
    'username' => 'admin'
    'name' => '管理员'
    'tel' => '12312431'
    'token' => 'f262538b63307075dfa4842ffa30e702'
]

$_SERVER = [
    'ALLUSERSPROFILE' => 'C:\\ProgramData'
    'APPDATA' => 'C:\\Users\\GCLion\\AppData\\Roaming'
    'CommonProgramFiles' => 'C:\\Program Files (x86)\\Common Files'
    'CommonProgramFiles(x86)' => 'C:\\Program Files (x86)\\Common Files'
    'CommonProgramW6432' => 'C:\\Program Files\\Common Files'
    'COMPUTERNAME' => 'DESKTOP-ICBSJCL'
    'ComSpec' => 'C:\\Windows\\system32\\cmd.exe'
    'DriverData' => 'C:\\Windows\\System32\\Drivers\\DriverData'
    'HOMEDRIVE' => 'C:'
    'HOMEPATH' => '\\Users\\GCLion'
    'LOCALAPPDATA' => 'C:\\Users\\GCLion\\AppData\\Local'
    'LOGONSERVER' => '\\\\DESKTOP-ICBSJCL'
    'NUMBER_OF_PROCESSORS' => '4'
    'OneDrive' => 'C:\\Users\\GCLion\\OneDrive'
    'OS' => 'Windows_NT'
    'Path' => 'C:\\Windows\\system32;C:\\Windows;C:\\Windows\\System32\\Wbem;C:\\Windows\\System32\\WindowsPowerShell\\v1.0\\;C:\\Windows\\System32\\OpenSSH\\;C:\\Program Files (x86)\\NVIDIA Corporation\\PhysX\\Common;C:\\Program Files\\NVIDIA Corporation\\NVIDIA NvDLISR;C:\\Program Files\\WIDCOMM\\Bluetooth Software\\;C:\\Program Files\\WIDCOMM\\Bluetooth Software\\syswow64;D:\\phpStudy\\php\\php-5.6.27-nts;C:\\ProgramData\\ComposerSetup\\bin;C:\\Program Files\\nodejs\\;C:\\Program Files\\PuTTY\\;C:\\Users\\GCLion\\AppData\\Local\\Microsoft\\WindowsApps;C:\\Users\\GCLion\\AppData\\Roaming\\Composer\\vendor\\bin;C:\\Users\\GCLion\\AppData\\Local\\GitHubDesktop\\bin;C:\\Program Files (x86)\\Microsoft VS Code\\bin;C:\\Users\\GCLion\\AppData\\Roaming\\npm'
    'PATHEXT' => '.COM;.EXE;.BAT;.CMD;.VBS;.VBE;.JS;.JSE;.WSF;.WSH;.MSC'
    'PROCESSOR_ARCHITECTURE' => 'x86'
    'PROCESSOR_ARCHITEW6432' => 'AMD64'
    'PROCESSOR_IDENTIFIER' => 'Intel64 Family 6 Model 61 Stepping 4, GenuineIntel'
    'PROCESSOR_LEVEL' => '6'
    'PROCESSOR_REVISION' => '3d04'
    'ProgramData' => 'C:\\ProgramData'
    'ProgramFiles' => 'C:\\Program Files (x86)'
    'ProgramFiles(x86)' => 'C:\\Program Files (x86)'
    'ProgramW6432' => 'C:\\Program Files'
    'PSModulePath' => 'C:\\Program Files\\WindowsPowerShell\\Modules;C:\\Windows\\system32\\WindowsPowerShell\\v1.0\\Modules'
    'PUBLIC' => 'C:\\Users\\Public'
    'SESSIONNAME' => 'Console'
    'SystemDrive' => 'C:'
    'SystemRoot' => 'C:\\Windows'
    'TEMP' => 'C:\\Users\\GCLion\\AppData\\Local\\Temp'
    'TMP' => 'C:\\Users\\GCLion\\AppData\\Local\\Temp'
    'USERDOMAIN' => 'DESKTOP-ICBSJCL'
    'USERDOMAIN_ROAMINGPROFILE' => 'DESKTOP-ICBSJCL'
    'USERNAME' => 'GCLion'
    'USERPROFILE' => 'C:\\Users\\GCLion'
    'windir' => 'C:\\Windows'
    'HTTP_COOKIE' => 'advanced-backend=bahblte2v3v3t3miq269njmuq5; _csrf-backend=a81a68f664bc1881b0ca9258829bee86052879fbec8d44940f33f9d2d7358196a%3A2%3A%7Bi%3A0%3Bs%3A13%3A%22_csrf-backend%22%3Bi%3A1%3Bs%3A32%3A%22UPTjUPqaItc3qico7v8Xxjn33oJ9gAO3%22%3B%7D'
    'HTTP_ACCEPT_LANGUAGE' => 'zh-CN,zh;q=0.9'
    'HTTP_ACCEPT_ENCODING' => 'gzip, deflate'
    'HTTP_REFERER' => 'http://admin.king.com/category/manage/index'
    'HTTP_ACCEPT' => 'text/html,application/xhtml+xml,application/xml;q=0.9,image/webp,image/apng,*/*;q=0.8'
    'HTTP_USER_AGENT' => 'Mozilla/5.0 (Windows NT 10.0; Win64; x64) AppleWebKit/537.36 (KHTML, like Gecko) Chrome/71.0.3578.98 Safari/537.36'
    'HTTP_UPGRADE_INSECURE_REQUESTS' => '1'
    'HTTP_CACHE_CONTROL' => 'max-age=0'
    'HTTP_CONNECTION' => 'keep-alive'
    'HTTP_HOST' => 'admin.king.com'
    'REDIRECT_STATUS' => '200'
    'SERVER_NAME' => 'admin.king.com'
    'SERVER_PORT' => '80'
    'SERVER_ADDR' => '127.0.0.1'
    'REMOTE_PORT' => '49725'
    'REMOTE_ADDR' => '127.0.0.1'
    'SERVER_SOFTWARE' => 'nginx/1.11.5'
    'GATEWAY_INTERFACE' => 'CGI/1.1'
    'SERVER_PROTOCOL' => 'HTTP/1.1'
    'DOCUMENT_ROOT' => 'D:/phpstudy/WWW/_website/backend/web'
    'DOCUMENT_URI' => '/index.php'
    'REQUEST_URI' => '/article/manage/add'
    'SCRIPT_NAME' => '/index.php'
    'CONTENT_LENGTH' => ''
    'CONTENT_TYPE' => ''
    'REQUEST_METHOD' => 'GET'
    'QUERY_STRING' => 'r=article/manage/add'
    'PATH_TRANSLATED' => 'D:/phpstudy/WWW/_website/backend/web'
    'PATH_INFO' => ''
    'SCRIPT_FILENAME' => 'D:/phpstudy/WWW/_website/backend/web/index.php'
    'FCGI_ROLE' => 'RESPONDER'
    'PHP_SELF' => '/index.php'
    'REQUEST_TIME_FLOAT' => 1552803898.6103
    'REQUEST_TIME' => 1552803898
]
